# gws core

Babel==2.14.*
GeoAlchemy2==0.*
MapProxy==1.*
pendulum==3.*
Pillow==10.*
psutil==5.*
psycopg2-binary==2.*
pycountry==22.*
pypdf==3.*
pyproj==3.*
python-ldap==3.*
PyYAML==6.*
requests==2.*
shapely==2.*
SQLAlchemy==2.*
Werkzeug==3.*
qrcode==7.*

# NB something is broken in 2.0.25
uWSGI==2.0.23

# use the OS version
GDAL==3.8.4

# testing

pytest==7.*
pytest-clarity==1.*
coverage==7.*

# documentation

Sphinx==7.*
sphinx-autoapi==3.*
Pygments==2.*

# NB no 3.0 yet
mistune==2.*

# NB see https://github.com/lepture/python-livereload/issues/270
tornado==6.*
livereload==2.*
